<?xml version="1.0" encoding="UTF-8"?>
<!-- Generated by org.testng.reporters.JUnitXMLReporter -->
<testsuite ignored="0" hostname="PC-PC" failures="0" tests="5" name="Default test" time="137.579" errors="0" timestamp="2024-11-27T16:55:09 IST">
  <testcase classname="testCases.TestRunner" name="homePage" time="1.268"/>
  <testcase classname="testCases.TestRunner" name="sliderBarvalue" time="56.501"/>
  <testcase classname="testCases.TestRunner" name="inputFieldValue" time="35.201"/>
  <testcase classname="testCases.TestRunner" name="getCheckBoxes" time="0.823"/>
  <testcase classname="testCases.TestRunner" name="validateRecurringReimbursement" time="43.594"/>
</testsuite> <!-- Default test -->
